<?xml version="1.0" encoding="UTF-8"?>
<testsuite xmlns:xsi="http://www.w3.org/2001/XMLSchema-instance" xsi:noNamespaceSchemaLocation="https://maven.apache.org/surefire/maven-surefire-plugin/xsd/surefire-test-report-3.0.xsd" version="3.0" name="com.technicaltestpinapp.ClienteTest" time="2.125" tests="2" errors="0" skipped="0" failures="0">
  <properties>
    <property name="java.specification.version" value="17"/>
    <property name="sun.cpu.isalist" value="amd64"/>
    <property name="sun.jnu.encoding" value="Cp1252"/>
    <property name="java.class.path" value="C:\Users\kevin_carrara\Downloads\gestion-clientes-main\gestion-clientes-main\target\test-classes;C:\Users\kevin_carrara\Downloads\gestion-clientes-main\gestion-clientes-main\target\classes;C:\Users\kevin_carrara\.m2\repository\org\springframework\boot\spring-boot-starter-jdbc\3.0.4\spring-boot-starter-jdbc-3.0.4.jar;C:\Users\kevin_carrara\.m2\repository\org\springframework\boot\spring-boot-starter\3.2.2\spring-boot-starter-3.2.2.jar;C:\Users\kevin_carrara\.m2\repository\org\springframework\boot\spring-boot\3.2.2\spring-boot-3.2.2.jar;C:\Users\kevin_carrara\.m2\repository\org\springframework\boot\spring-boot-autoconfigure\3.2.2\spring-boot-autoconfigure-3.2.2.jar;C:\Users\kevin_carrara\.m2\repository\org\springframework\boot\spring-boot-starter-logging\3.2.2\spring-boot-starter-logging-3.2.2.jar;C:\Users\kevin_carrara\.m2\repository\ch\qos\logback\logback-classic\1.4.14\logback-classic-1.4.14.jar;C:\Users\kevin_carrara\.m2\repository\ch\qos\logback\logback-core\1.4.14\logback-core-1.4.14.jar;C:\Users\kevin_carrara\.m2\repository\org\apache\logging\log4j\log4j-to-slf4j\2.21.1\log4j-to-slf4j-2.21.1.jar;C:\Users\kevin_carrara\.m2\repository\org\apache\logging\log4j\log4j-api\2.21.1\log4j-api-2.21.1.jar;C:\Users\kevin_carrara\.m2\repository\org\slf4j\jul-to-slf4j\2.0.11\jul-to-slf4j-2.0.11.jar;C:\Users\kevin_carrara\.m2\repository\jakarta\annotation\jakarta.annotation-api\2.1.1\jakarta.annotation-api-2.1.1.jar;C:\Users\kevin_carrara\.m2\repository\org\springframework\spring-core\6.1.3\spring-core-6.1.3.jar;C:\Users\kevin_carrara\.m2\repository\org\springframework\spring-jcl\6.1.3\spring-jcl-6.1.3.jar;C:\Users\kevin_carrara\.m2\repository\org\yaml\snakeyaml\2.2\snakeyaml-2.2.jar;C:\Users\kevin_carrara\.m2\repository\com\zaxxer\HikariCP\5.0.1\HikariCP-5.0.1.jar;C:\Users\kevin_carrara\.m2\repository\org\springframework\spring-jdbc\6.1.3\spring-jdbc-6.1.3.jar;C:\Users\kevin_carrara\.m2\repository\org\springframework\spring-beans\6.1.3\spring-beans-6.1.3.jar;C:\Users\kevin_carrara\.m2\repository\org\hibernate\orm\hibernate-community-dialects\6.4.1.Final\hibernate-community-dialects-6.4.1.Final.jar;C:\Users\kevin_carrara\.m2\repository\org\hibernate\orm\hibernate-core\6.4.1.Final\hibernate-core-6.4.1.Final.jar;C:\Users\kevin_carrara\.m2\repository\jakarta\persistence\jakarta.persistence-api\3.1.0\jakarta.persistence-api-3.1.0.jar;C:\Users\kevin_carrara\.m2\repository\jakarta\transaction\jakarta.transaction-api\2.0.1\jakarta.transaction-api-2.0.1.jar;C:\Users\kevin_carrara\.m2\repository\org\hibernate\common\hibernate-commons-annotations\6.0.6.Final\hibernate-commons-annotations-6.0.6.Final.jar;C:\Users\kevin_carrara\.m2\repository\io\smallrye\jandex\3.1.2\jandex-3.1.2.jar;C:\Users\kevin_carrara\.m2\repository\net\bytebuddy\byte-buddy\1.14.11\byte-buddy-1.14.11.jar;C:\Users\kevin_carrara\.m2\repository\jakarta\xml\bind\jakarta.xml.bind-api\4.0.1\jakarta.xml.bind-api-4.0.1.jar;C:\Users\kevin_carrara\.m2\repository\jakarta\activation\jakarta.activation-api\2.1.2\jakarta.activation-api-2.1.2.jar;C:\Users\kevin_carrara\.m2\repository\org\glassfish\jaxb\jaxb-runtime\4.0.4\jaxb-runtime-4.0.4.jar;C:\Users\kevin_carrara\.m2\repository\org\glassfish\jaxb\jaxb-core\4.0.4\jaxb-core-4.0.4.jar;C:\Users\kevin_carrara\.m2\repository\org\eclipse\angus\angus-activation\2.0.1\angus-activation-2.0.1.jar;C:\Users\kevin_carrara\.m2\repository\org\glassfish\jaxb\txw2\4.0.4\txw2-4.0.4.jar;C:\Users\kevin_carrara\.m2\repository\com\sun\istack\istack-commons-runtime\4.1.2\istack-commons-runtime-4.1.2.jar;C:\Users\kevin_carrara\.m2\repository\jakarta\inject\jakarta.inject-api\2.0.1\jakarta.inject-api-2.0.1.jar;C:\Users\kevin_carrara\.m2\repository\org\antlr\antlr4-runtime\4.13.0\antlr4-runtime-4.13.0.jar;C:\Users\kevin_carrara\.m2\repository\org\jboss\logging\jboss-logging\3.5.3.Final\jboss-logging-3.5.3.Final.jar;C:\Users\kevin_carrara\.m2\repository\org\springframework\boot\spring-boot-starter-data-jpa\3.2.2\spring-boot-starter-data-jpa-3.2.2.jar;C:\Users\kevin_carrara\.m2\repository\org\springframework\boot\spring-boot-starter-aop\3.2.2\spring-boot-starter-aop-3.2.2.jar;C:\Users\kevin_carrara\.m2\repository\org\aspectj\aspectjweaver\1.9.21\aspectjweaver-1.9.21.jar;C:\Users\kevin_carrara\.m2\repository\org\springframework\data\spring-data-jpa\3.2.2\spring-data-jpa-3.2.2.jar;C:\Users\kevin_carrara\.m2\repository\org\springframework\data\spring-data-commons\3.2.2\spring-data-commons-3.2.2.jar;C:\Users\kevin_carrara\.m2\repository\org\springframework\spring-orm\6.1.3\spring-orm-6.1.3.jar;C:\Users\kevin_carrara\.m2\repository\org\springframework\spring-aspects\6.1.3\spring-aspects-6.1.3.jar;C:\Users\kevin_carrara\.m2\repository\com\mysql\mysql-connector-j\8.0.33\mysql-connector-j-8.0.33.jar;C:\Users\kevin_carrara\.m2\repository\org\springdoc\springdoc-openapi-starter-webmvc-ui\2.3.0\springdoc-openapi-starter-webmvc-ui-2.3.0.jar;C:\Users\kevin_carrara\.m2\repository\org\springdoc\springdoc-openapi-starter-webmvc-api\2.3.0\springdoc-openapi-starter-webmvc-api-2.3.0.jar;C:\Users\kevin_carrara\.m2\repository\org\springdoc\springdoc-openapi-starter-common\2.3.0\springdoc-openapi-starter-common-2.3.0.jar;C:\Users\kevin_carrara\.m2\repository\io\swagger\core\v3\swagger-core-jakarta\2.2.19\swagger-core-jakarta-2.2.19.jar;C:\Users\kevin_carrara\.m2\repository\org\apache\commons\commons-lang3\3.13.0\commons-lang3-3.13.0.jar;C:\Users\kevin_carrara\.m2\repository\io\swagger\core\v3\swagger-annotations-jakarta\2.2.19\swagger-annotations-jakarta-2.2.19.jar;C:\Users\kevin_carrara\.m2\repository\io\swagger\core\v3\swagger-models-jakarta\2.2.19\swagger-models-jakarta-2.2.19.jar;C:\Users\kevin_carrara\.m2\repository\com\fasterxml\jackson\dataformat\jackson-dataformat-yaml\2.15.3\jackson-dataformat-yaml-2.15.3.jar;C:\Users\kevin_carrara\.m2\repository\org\webjars\swagger-ui\5.10.3\swagger-ui-5.10.3.jar;C:\Users\kevin_carrara\.m2\repository\org\springframework\boot\spring-boot-starter-web\3.2.2\spring-boot-starter-web-3.2.2.jar;C:\Users\kevin_carrara\.m2\repository\org\springframework\boot\spring-boot-starter-json\3.2.2\spring-boot-starter-json-3.2.2.jar;C:\Users\kevin_carrara\.m2\repository\com\fasterxml\jackson\core\jackson-databind\2.15.3\jackson-databind-2.15.3.jar;C:\Users\kevin_carrara\.m2\repository\com\fasterxml\jackson\core\jackson-core\2.15.3\jackson-core-2.15.3.jar;C:\Users\kevin_carrara\.m2\repository\com\fasterxml\jackson\datatype\jackson-datatype-jdk8\2.15.3\jackson-datatype-jdk8-2.15.3.jar;C:\Users\kevin_carrara\.m2\repository\com\fasterxml\jackson\datatype\jackson-datatype-jsr310\2.15.3\jackson-datatype-jsr310-2.15.3.jar;C:\Users\kevin_carrara\.m2\repository\com\fasterxml\jackson\module\jackson-module-parameter-names\2.15.3\jackson-module-parameter-names-2.15.3.jar;C:\Users\kevin_carrara\.m2\repository\org\springframework\boot\spring-boot-starter-tomcat\3.2.2\spring-boot-starter-tomcat-3.2.2.jar;C:\Users\kevin_carrara\.m2\repository\org\apache\tomcat\embed\tomcat-embed-core\10.1.18\tomcat-embed-core-10.1.18.jar;C:\Users\kevin_carrara\.m2\repository\org\apache\tomcat\embed\tomcat-embed-el\10.1.18\tomcat-embed-el-10.1.18.jar;C:\Users\kevin_carrara\.m2\repository\org\apache\tomcat\embed\tomcat-embed-websocket\10.1.18\tomcat-embed-websocket-10.1.18.jar;C:\Users\kevin_carrara\.m2\repository\org\springframework\spring-web\6.1.3\spring-web-6.1.3.jar;C:\Users\kevin_carrara\.m2\repository\org\springframework\spring-webmvc\6.1.3\spring-webmvc-6.1.3.jar;C:\Users\kevin_carrara\.m2\repository\org\springframework\spring-expression\6.1.3\spring-expression-6.1.3.jar;C:\Users\kevin_carrara\.m2\repository\org\projectlombok\lombok\1.18.24\lombok-1.18.24.jar;C:\Users\kevin_carrara\.m2\repository\org\springframework\boot\spring-boot-starter-cache\3.2.2\spring-boot-starter-cache-3.2.2.jar;C:\Users\kevin_carrara\.m2\repository\org\springframework\spring-context-support\6.1.3\spring-context-support-6.1.3.jar;C:\Users\kevin_carrara\.m2\repository\org\springframework\boot\spring-boot-starter-actuator\3.2.2\spring-boot-starter-actuator-3.2.2.jar;C:\Users\kevin_carrara\.m2\repository\org\springframework\boot\spring-boot-actuator-autoconfigure\3.2.2\spring-boot-actuator-autoconfigure-3.2.2.jar;C:\Users\kevin_carrara\.m2\repository\org\springframework\boot\spring-boot-actuator\3.2.2\spring-boot-actuator-3.2.2.jar;C:\Users\kevin_carrara\.m2\repository\io\micrometer\micrometer-observation\1.12.2\micrometer-observation-1.12.2.jar;C:\Users\kevin_carrara\.m2\repository\io\micrometer\micrometer-commons\1.12.2\micrometer-commons-1.12.2.jar;C:\Users\kevin_carrara\.m2\repository\io\micrometer\micrometer-jakarta9\1.12.2\micrometer-jakarta9-1.12.2.jar;C:\Users\kevin_carrara\.m2\repository\io\micrometer\micrometer-registry-prometheus\1.12.2\micrometer-registry-prometheus-1.12.2.jar;C:\Users\kevin_carrara\.m2\repository\io\micrometer\micrometer-core\1.12.2\micrometer-core-1.12.2.jar;C:\Users\kevin_carrara\.m2\repository\org\hdrhistogram\HdrHistogram\2.1.12\HdrHistogram-2.1.12.jar;C:\Users\kevin_carrara\.m2\repository\org\latencyutils\LatencyUtils\2.0.3\LatencyUtils-2.0.3.jar;C:\Users\kevin_carrara\.m2\repository\io\prometheus\simpleclient_common\0.16.0\simpleclient_common-0.16.0.jar;C:\Users\kevin_carrara\.m2\repository\io\prometheus\simpleclient\0.16.0\simpleclient-0.16.0.jar;C:\Users\kevin_carrara\.m2\repository\io\prometheus\simpleclient_tracer_otel\0.16.0\simpleclient_tracer_otel-0.16.0.jar;C:\Users\kevin_carrara\.m2\repository\io\prometheus\simpleclient_tracer_common\0.16.0\simpleclient_tracer_common-0.16.0.jar;C:\Users\kevin_carrara\.m2\repository\io\prometheus\simpleclient_tracer_otel_agent\0.16.0\simpleclient_tracer_otel_agent-0.16.0.jar;C:\Users\kevin_carrara\.m2\repository\io\swagger\swagger-annotations\1.5.20\swagger-annotations-1.5.20.jar;C:\Users\kevin_carrara\.m2\repository\io\springfox\springfox-swagger-common\2.9.2\springfox-swagger-common-2.9.2.jar;C:\Users\kevin_carrara\.m2\repository\io\swagger\swagger-models\1.5.20\swagger-models-1.5.20.jar;C:\Users\kevin_carrara\.m2\repository\com\fasterxml\jackson\core\jackson-annotations\2.15.3\jackson-annotations-2.15.3.jar;C:\Users\kevin_carrara\.m2\repository\io\springfox\springfox-spi\2.9.2\springfox-spi-2.9.2.jar;C:\Users\kevin_carrara\.m2\repository\io\springfox\springfox-core\2.9.2\springfox-core-2.9.2.jar;C:\Users\kevin_carrara\.m2\repository\io\springfox\springfox-schema\2.9.2\springfox-schema-2.9.2.jar;C:\Users\kevin_carrara\.m2\repository\io\springfox\springfox-spring-web\2.9.2\springfox-spring-web-2.9.2.jar;C:\Users\kevin_carrara\.m2\repository\com\google\guava\guava\20.0\guava-20.0.jar;C:\Users\kevin_carrara\.m2\repository\com\fasterxml\classmate\1.6.0\classmate-1.6.0.jar;C:\Users\kevin_carrara\.m2\repository\org\slf4j\slf4j-api\2.0.11\slf4j-api-2.0.11.jar;C:\Users\kevin_carrara\.m2\repository\org\springframework\plugin\spring-plugin-core\1.2.0.RELEASE\spring-plugin-core-1.2.0.RELEASE.jar;C:\Users\kevin_carrara\.m2\repository\org\springframework\plugin\spring-plugin-metadata\1.2.0.RELEASE\spring-plugin-metadata-1.2.0.RELEASE.jar;C:\Users\kevin_carrara\.m2\repository\org\mapstruct\mapstruct\1.5.3.Final\mapstruct-1.5.3.Final.jar;C:\Users\kevin_carrara\.m2\repository\org\hibernate\validator\hibernate-validator\8.0.1.Final\hibernate-validator-8.0.1.Final.jar;C:\Users\kevin_carrara\.m2\repository\jakarta\validation\jakarta.validation-api\3.0.2\jakarta.validation-api-3.0.2.jar;C:\Users\kevin_carrara\.m2\repository\org\junit\jupiter\junit-jupiter-api\5.10.1\junit-jupiter-api-5.10.1.jar;C:\Users\kevin_carrara\.m2\repository\org\opentest4j\opentest4j\1.3.0\opentest4j-1.3.0.jar;C:\Users\kevin_carrara\.m2\repository\org\junit\platform\junit-platform-commons\1.10.1\junit-platform-commons-1.10.1.jar;C:\Users\kevin_carrara\.m2\repository\org\apiguardian\apiguardian-api\1.1.2\apiguardian-api-1.1.2.jar;C:\Users\kevin_carrara\.m2\repository\org\junit\jupiter\junit-jupiter-engine\5.10.1\junit-jupiter-engine-5.10.1.jar;C:\Users\kevin_carrara\.m2\repository\org\junit\platform\junit-platform-engine\1.10.1\junit-platform-engine-1.10.1.jar;C:\Users\kevin_carrara\.m2\repository\org\mockito\mockito-junit-jupiter\5.7.0\mockito-junit-jupiter-5.7.0.jar;C:\Users\kevin_carrara\.m2\repository\org\mockito\mockito-core\5.7.0\mockito-core-5.7.0.jar;C:\Users\kevin_carrara\.m2\repository\net\bytebuddy\byte-buddy-agent\1.14.11\byte-buddy-agent-1.14.11.jar;C:\Users\kevin_carrara\.m2\repository\org\objenesis\objenesis\3.3\objenesis-3.3.jar;C:\Users\kevin_carrara\.m2\repository\org\springframework\kafka\spring-kafka\3.1.1\spring-kafka-3.1.1.jar;C:\Users\kevin_carrara\.m2\repository\org\springframework\spring-context\6.1.3\spring-context-6.1.3.jar;C:\Users\kevin_carrara\.m2\repository\org\springframework\spring-messaging\6.1.3\spring-messaging-6.1.3.jar;C:\Users\kevin_carrara\.m2\repository\org\springframework\spring-tx\6.1.3\spring-tx-6.1.3.jar;C:\Users\kevin_carrara\.m2\repository\org\springframework\retry\spring-retry\2.0.5\spring-retry-2.0.5.jar;C:\Users\kevin_carrara\.m2\repository\org\apache\kafka\kafka-clients\3.6.1\kafka-clients-3.6.1.jar;C:\Users\kevin_carrara\.m2\repository\com\github\luben\zstd-jni\1.5.5-1\zstd-jni-1.5.5-1.jar;C:\Users\kevin_carrara\.m2\repository\org\lz4\lz4-java\1.8.0\lz4-java-1.8.0.jar;C:\Users\kevin_carrara\.m2\repository\org\xerial\snappy\snappy-java\1.1.10.5\snappy-java-1.1.10.5.jar;C:\Users\kevin_carrara\.m2\repository\com\google\code\findbugs\jsr305\3.0.2\jsr305-3.0.2.jar;C:\Users\kevin_carrara\.m2\repository\org\springframework\boot\spring-boot-starter-oauth2-resource-server\3.2.2\spring-boot-starter-oauth2-resource-server-3.2.2.jar;C:\Users\kevin_carrara\.m2\repository\org\springframework\security\spring-security-config\6.2.1\spring-security-config-6.2.1.jar;C:\Users\kevin_carrara\.m2\repository\org\springframework\security\spring-security-core\6.2.1\spring-security-core-6.2.1.jar;C:\Users\kevin_carrara\.m2\repository\org\springframework\security\spring-security-crypto\6.2.1\spring-security-crypto-6.2.1.jar;C:\Users\kevin_carrara\.m2\repository\org\springframework\security\spring-security-oauth2-resource-server\6.2.1\spring-security-oauth2-resource-server-6.2.1.jar;C:\Users\kevin_carrara\.m2\repository\org\springframework\security\spring-security-oauth2-core\6.2.1\spring-security-oauth2-core-6.2.1.jar;C:\Users\kevin_carrara\.m2\repository\org\springframework\security\spring-security-oauth2-jose\6.2.1\spring-security-oauth2-jose-6.2.1.jar;C:\Users\kevin_carrara\.m2\repository\com\nimbusds\nimbus-jose-jwt\9.24.4\nimbus-jose-jwt-9.24.4.jar;C:\Users\kevin_carrara\.m2\repository\com\github\stephenc\jcip\jcip-annotations\1.0-1\jcip-annotations-1.0-1.jar;C:\Users\kevin_carrara\.m2\repository\org\springframework\boot\spring-boot-starter-security\3.0.0\spring-boot-starter-security-3.0.0.jar;C:\Users\kevin_carrara\.m2\repository\org\springframework\spring-aop\6.1.3\spring-aop-6.1.3.jar;C:\Users\kevin_carrara\.m2\repository\org\springframework\security\spring-security-web\6.2.1\spring-security-web-6.2.1.jar;"/>
    <property name="java.vm.vendor" value="OpenLogic"/>
    <property name="sun.arch.data.model" value="64"/>
    <property name="user.variant" value=""/>
    <property name="java.vendor.url" value="https://openlogic.com/"/>
    <property name="user.timezone" value="America/Buenos_Aires"/>
    <property name="os.name" value="Windows 11"/>
    <property name="java.vm.specification.version" value="17"/>
    <property name="sun.java.launcher" value="SUN_STANDARD"/>
    <property name="user.country" value="AR"/>
    <property name="sun.boot.library.path" value="C:\Program Files\Java\openlogic-openjdk-17.0.14+7-windows-x64\bin"/>
    <property name="sun.java.command" value="C:\Users\kevin_carrara\AppData\Local\Temp\surefire6468871045730961711\surefirebooter-20250626095904914_3.jar C:\Users\kevin_carrara\AppData\Local\Temp\surefire6468871045730961711 2025-06-26T09-59-04_741-jvmRun1 surefire-20250626095904914_1tmp surefire_0-20250626095904914_2tmp"/>
    <property name="jdk.debug" value="release"/>
    <property name="surefire.test.class.path" value="C:\Users\kevin_carrara\Downloads\gestion-clientes-main\gestion-clientes-main\target\test-classes;C:\Users\kevin_carrara\Downloads\gestion-clientes-main\gestion-clientes-main\target\classes;C:\Users\kevin_carrara\.m2\repository\org\springframework\boot\spring-boot-starter-jdbc\3.0.4\spring-boot-starter-jdbc-3.0.4.jar;C:\Users\kevin_carrara\.m2\repository\org\springframework\boot\spring-boot-starter\3.2.2\spring-boot-starter-3.2.2.jar;C:\Users\kevin_carrara\.m2\repository\org\springframework\boot\spring-boot\3.2.2\spring-boot-3.2.2.jar;C:\Users\kevin_carrara\.m2\repository\org\springframework\boot\spring-boot-autoconfigure\3.2.2\spring-boot-autoconfigure-3.2.2.jar;C:\Users\kevin_carrara\.m2\repository\org\springframework\boot\spring-boot-starter-logging\3.2.2\spring-boot-starter-logging-3.2.2.jar;C:\Users\kevin_carrara\.m2\repository\ch\qos\logback\logback-classic\1.4.14\logback-classic-1.4.14.jar;C:\Users\kevin_carrara\.m2\repository\ch\qos\logback\logback-core\1.4.14\logback-core-1.4.14.jar;C:\Users\kevin_carrara\.m2\repository\org\apache\logging\log4j\log4j-to-slf4j\2.21.1\log4j-to-slf4j-2.21.1.jar;C:\Users\kevin_carrara\.m2\repository\org\apache\logging\log4j\log4j-api\2.21.1\log4j-api-2.21.1.jar;C:\Users\kevin_carrara\.m2\repository\org\slf4j\jul-to-slf4j\2.0.11\jul-to-slf4j-2.0.11.jar;C:\Users\kevin_carrara\.m2\repository\jakarta\annotation\jakarta.annotation-api\2.1.1\jakarta.annotation-api-2.1.1.jar;C:\Users\kevin_carrara\.m2\repository\org\springframework\spring-core\6.1.3\spring-core-6.1.3.jar;C:\Users\kevin_carrara\.m2\repository\org\springframework\spring-jcl\6.1.3\spring-jcl-6.1.3.jar;C:\Users\kevin_carrara\.m2\repository\org\yaml\snakeyaml\2.2\snakeyaml-2.2.jar;C:\Users\kevin_carrara\.m2\repository\com\zaxxer\HikariCP\5.0.1\HikariCP-5.0.1.jar;C:\Users\kevin_carrara\.m2\repository\org\springframework\spring-jdbc\6.1.3\spring-jdbc-6.1.3.jar;C:\Users\kevin_carrara\.m2\repository\org\springframework\spring-beans\6.1.3\spring-beans-6.1.3.jar;C:\Users\kevin_carrara\.m2\repository\org\hibernate\orm\hibernate-community-dialects\6.4.1.Final\hibernate-community-dialects-6.4.1.Final.jar;C:\Users\kevin_carrara\.m2\repository\org\hibernate\orm\hibernate-core\6.4.1.Final\hibernate-core-6.4.1.Final.jar;C:\Users\kevin_carrara\.m2\repository\jakarta\persistence\jakarta.persistence-api\3.1.0\jakarta.persistence-api-3.1.0.jar;C:\Users\kevin_carrara\.m2\repository\jakarta\transaction\jakarta.transaction-api\2.0.1\jakarta.transaction-api-2.0.1.jar;C:\Users\kevin_carrara\.m2\repository\org\hibernate\common\hibernate-commons-annotations\6.0.6.Final\hibernate-commons-annotations-6.0.6.Final.jar;C:\Users\kevin_carrara\.m2\repository\io\smallrye\jandex\3.1.2\jandex-3.1.2.jar;C:\Users\kevin_carrara\.m2\repository\net\bytebuddy\byte-buddy\1.14.11\byte-buddy-1.14.11.jar;C:\Users\kevin_carrara\.m2\repository\jakarta\xml\bind\jakarta.xml.bind-api\4.0.1\jakarta.xml.bind-api-4.0.1.jar;C:\Users\kevin_carrara\.m2\repository\jakarta\activation\jakarta.activation-api\2.1.2\jakarta.activation-api-2.1.2.jar;C:\Users\kevin_carrara\.m2\repository\org\glassfish\jaxb\jaxb-runtime\4.0.4\jaxb-runtime-4.0.4.jar;C:\Users\kevin_carrara\.m2\repository\org\glassfish\jaxb\jaxb-core\4.0.4\jaxb-core-4.0.4.jar;C:\Users\kevin_carrara\.m2\repository\org\eclipse\angus\angus-activation\2.0.1\angus-activation-2.0.1.jar;C:\Users\kevin_carrara\.m2\repository\org\glassfish\jaxb\txw2\4.0.4\txw2-4.0.4.jar;C:\Users\kevin_carrara\.m2\repository\com\sun\istack\istack-commons-runtime\4.1.2\istack-commons-runtime-4.1.2.jar;C:\Users\kevin_carrara\.m2\repository\jakarta\inject\jakarta.inject-api\2.0.1\jakarta.inject-api-2.0.1.jar;C:\Users\kevin_carrara\.m2\repository\org\antlr\antlr4-runtime\4.13.0\antlr4-runtime-4.13.0.jar;C:\Users\kevin_carrara\.m2\repository\org\jboss\logging\jboss-logging\3.5.3.Final\jboss-logging-3.5.3.Final.jar;C:\Users\kevin_carrara\.m2\repository\org\springframework\boot\spring-boot-starter-data-jpa\3.2.2\spring-boot-starter-data-jpa-3.2.2.jar;C:\Users\kevin_carrara\.m2\repository\org\springframework\boot\spring-boot-starter-aop\3.2.2\spring-boot-starter-aop-3.2.2.jar;C:\Users\kevin_carrara\.m2\repository\org\aspectj\aspectjweaver\1.9.21\aspectjweaver-1.9.21.jar;C:\Users\kevin_carrara\.m2\repository\org\springframework\data\spring-data-jpa\3.2.2\spring-data-jpa-3.2.2.jar;C:\Users\kevin_carrara\.m2\repository\org\springframework\data\spring-data-commons\3.2.2\spring-data-commons-3.2.2.jar;C:\Users\kevin_carrara\.m2\repository\org\springframework\spring-orm\6.1.3\spring-orm-6.1.3.jar;C:\Users\kevin_carrara\.m2\repository\org\springframework\spring-aspects\6.1.3\spring-aspects-6.1.3.jar;C:\Users\kevin_carrara\.m2\repository\com\mysql\mysql-connector-j\8.0.33\mysql-connector-j-8.0.33.jar;C:\Users\kevin_carrara\.m2\repository\org\springdoc\springdoc-openapi-starter-webmvc-ui\2.3.0\springdoc-openapi-starter-webmvc-ui-2.3.0.jar;C:\Users\kevin_carrara\.m2\repository\org\springdoc\springdoc-openapi-starter-webmvc-api\2.3.0\springdoc-openapi-starter-webmvc-api-2.3.0.jar;C:\Users\kevin_carrara\.m2\repository\org\springdoc\springdoc-openapi-starter-common\2.3.0\springdoc-openapi-starter-common-2.3.0.jar;C:\Users\kevin_carrara\.m2\repository\io\swagger\core\v3\swagger-core-jakarta\2.2.19\swagger-core-jakarta-2.2.19.jar;C:\Users\kevin_carrara\.m2\repository\org\apache\commons\commons-lang3\3.13.0\commons-lang3-3.13.0.jar;C:\Users\kevin_carrara\.m2\repository\io\swagger\core\v3\swagger-annotations-jakarta\2.2.19\swagger-annotations-jakarta-2.2.19.jar;C:\Users\kevin_carrara\.m2\repository\io\swagger\core\v3\swagger-models-jakarta\2.2.19\swagger-models-jakarta-2.2.19.jar;C:\Users\kevin_carrara\.m2\repository\com\fasterxml\jackson\dataformat\jackson-dataformat-yaml\2.15.3\jackson-dataformat-yaml-2.15.3.jar;C:\Users\kevin_carrara\.m2\repository\org\webjars\swagger-ui\5.10.3\swagger-ui-5.10.3.jar;C:\Users\kevin_carrara\.m2\repository\org\springframework\boot\spring-boot-starter-web\3.2.2\spring-boot-starter-web-3.2.2.jar;C:\Users\kevin_carrara\.m2\repository\org\springframework\boot\spring-boot-starter-json\3.2.2\spring-boot-starter-json-3.2.2.jar;C:\Users\kevin_carrara\.m2\repository\com\fasterxml\jackson\core\jackson-databind\2.15.3\jackson-databind-2.15.3.jar;C:\Users\kevin_carrara\.m2\repository\com\fasterxml\jackson\core\jackson-core\2.15.3\jackson-core-2.15.3.jar;C:\Users\kevin_carrara\.m2\repository\com\fasterxml\jackson\datatype\jackson-datatype-jdk8\2.15.3\jackson-datatype-jdk8-2.15.3.jar;C:\Users\kevin_carrara\.m2\repository\com\fasterxml\jackson\datatype\jackson-datatype-jsr310\2.15.3\jackson-datatype-jsr310-2.15.3.jar;C:\Users\kevin_carrara\.m2\repository\com\fasterxml\jackson\module\jackson-module-parameter-names\2.15.3\jackson-module-parameter-names-2.15.3.jar;C:\Users\kevin_carrara\.m2\repository\org\springframework\boot\spring-boot-starter-tomcat\3.2.2\spring-boot-starter-tomcat-3.2.2.jar;C:\Users\kevin_carrara\.m2\repository\org\apache\tomcat\embed\tomcat-embed-core\10.1.18\tomcat-embed-core-10.1.18.jar;C:\Users\kevin_carrara\.m2\repository\org\apache\tomcat\embed\tomcat-embed-el\10.1.18\tomcat-embed-el-10.1.18.jar;C:\Users\kevin_carrara\.m2\repository\org\apache\tomcat\embed\tomcat-embed-websocket\10.1.18\tomcat-embed-websocket-10.1.18.jar;C:\Users\kevin_carrara\.m2\repository\org\springframework\spring-web\6.1.3\spring-web-6.1.3.jar;C:\Users\kevin_carrara\.m2\repository\org\springframework\spring-webmvc\6.1.3\spring-webmvc-6.1.3.jar;C:\Users\kevin_carrara\.m2\repository\org\springframework\spring-expression\6.1.3\spring-expression-6.1.3.jar;C:\Users\kevin_carrara\.m2\repository\org\projectlombok\lombok\1.18.24\lombok-1.18.24.jar;C:\Users\kevin_carrara\.m2\repository\org\springframework\boot\spring-boot-starter-cache\3.2.2\spring-boot-starter-cache-3.2.2.jar;C:\Users\kevin_carrara\.m2\repository\org\springframework\spring-context-support\6.1.3\spring-context-support-6.1.3.jar;C:\Users\kevin_carrara\.m2\repository\org\springframework\boot\spring-boot-starter-actuator\3.2.2\spring-boot-starter-actuator-3.2.2.jar;C:\Users\kevin_carrara\.m2\repository\org\springframework\boot\spring-boot-actuator-autoconfigure\3.2.2\spring-boot-actuator-autoconfigure-3.2.2.jar;C:\Users\kevin_carrara\.m2\repository\org\springframework\boot\spring-boot-actuator\3.2.2\spring-boot-actuator-3.2.2.jar;C:\Users\kevin_carrara\.m2\repository\io\micrometer\micrometer-observation\1.12.2\micrometer-observation-1.12.2.jar;C:\Users\kevin_carrara\.m2\repository\io\micrometer\micrometer-commons\1.12.2\micrometer-commons-1.12.2.jar;C:\Users\kevin_carrara\.m2\repository\io\micrometer\micrometer-jakarta9\1.12.2\micrometer-jakarta9-1.12.2.jar;C:\Users\kevin_carrara\.m2\repository\io\micrometer\micrometer-registry-prometheus\1.12.2\micrometer-registry-prometheus-1.12.2.jar;C:\Users\kevin_carrara\.m2\repository\io\micrometer\micrometer-core\1.12.2\micrometer-core-1.12.2.jar;C:\Users\kevin_carrara\.m2\repository\org\hdrhistogram\HdrHistogram\2.1.12\HdrHistogram-2.1.12.jar;C:\Users\kevin_carrara\.m2\repository\org\latencyutils\LatencyUtils\2.0.3\LatencyUtils-2.0.3.jar;C:\Users\kevin_carrara\.m2\repository\io\prometheus\simpleclient_common\0.16.0\simpleclient_common-0.16.0.jar;C:\Users\kevin_carrara\.m2\repository\io\prometheus\simpleclient\0.16.0\simpleclient-0.16.0.jar;C:\Users\kevin_carrara\.m2\repository\io\prometheus\simpleclient_tracer_otel\0.16.0\simpleclient_tracer_otel-0.16.0.jar;C:\Users\kevin_carrara\.m2\repository\io\prometheus\simpleclient_tracer_common\0.16.0\simpleclient_tracer_common-0.16.0.jar;C:\Users\kevin_carrara\.m2\repository\io\prometheus\simpleclient_tracer_otel_agent\0.16.0\simpleclient_tracer_otel_agent-0.16.0.jar;C:\Users\kevin_carrara\.m2\repository\io\swagger\swagger-annotations\1.5.20\swagger-annotations-1.5.20.jar;C:\Users\kevin_carrara\.m2\repository\io\springfox\springfox-swagger-common\2.9.2\springfox-swagger-common-2.9.2.jar;C:\Users\kevin_carrara\.m2\repository\io\swagger\swagger-models\1.5.20\swagger-models-1.5.20.jar;C:\Users\kevin_carrara\.m2\repository\com\fasterxml\jackson\core\jackson-annotations\2.15.3\jackson-annotations-2.15.3.jar;C:\Users\kevin_carrara\.m2\repository\io\springfox\springfox-spi\2.9.2\springfox-spi-2.9.2.jar;C:\Users\kevin_carrara\.m2\repository\io\springfox\springfox-core\2.9.2\springfox-core-2.9.2.jar;C:\Users\kevin_carrara\.m2\repository\io\springfox\springfox-schema\2.9.2\springfox-schema-2.9.2.jar;C:\Users\kevin_carrara\.m2\repository\io\springfox\springfox-spring-web\2.9.2\springfox-spring-web-2.9.2.jar;C:\Users\kevin_carrara\.m2\repository\com\google\guava\guava\20.0\guava-20.0.jar;C:\Users\kevin_carrara\.m2\repository\com\fasterxml\classmate\1.6.0\classmate-1.6.0.jar;C:\Users\kevin_carrara\.m2\repository\org\slf4j\slf4j-api\2.0.11\slf4j-api-2.0.11.jar;C:\Users\kevin_carrara\.m2\repository\org\springframework\plugin\spring-plugin-core\1.2.0.RELEASE\spring-plugin-core-1.2.0.RELEASE.jar;C:\Users\kevin_carrara\.m2\repository\org\springframework\plugin\spring-plugin-metadata\1.2.0.RELEASE\spring-plugin-metadata-1.2.0.RELEASE.jar;C:\Users\kevin_carrara\.m2\repository\org\mapstruct\mapstruct\1.5.3.Final\mapstruct-1.5.3.Final.jar;C:\Users\kevin_carrara\.m2\repository\org\hibernate\validator\hibernate-validator\8.0.1.Final\hibernate-validator-8.0.1.Final.jar;C:\Users\kevin_carrara\.m2\repository\jakarta\validation\jakarta.validation-api\3.0.2\jakarta.validation-api-3.0.2.jar;C:\Users\kevin_carrara\.m2\repository\org\junit\jupiter\junit-jupiter-api\5.10.1\junit-jupiter-api-5.10.1.jar;C:\Users\kevin_carrara\.m2\repository\org\opentest4j\opentest4j\1.3.0\opentest4j-1.3.0.jar;C:\Users\kevin_carrara\.m2\repository\org\junit\platform\junit-platform-commons\1.10.1\junit-platform-commons-1.10.1.jar;C:\Users\kevin_carrara\.m2\repository\org\apiguardian\apiguardian-api\1.1.2\apiguardian-api-1.1.2.jar;C:\Users\kevin_carrara\.m2\repository\org\junit\jupiter\junit-jupiter-engine\5.10.1\junit-jupiter-engine-5.10.1.jar;C:\Users\kevin_carrara\.m2\repository\org\junit\platform\junit-platform-engine\1.10.1\junit-platform-engine-1.10.1.jar;C:\Users\kevin_carrara\.m2\repository\org\mockito\mockito-junit-jupiter\5.7.0\mockito-junit-jupiter-5.7.0.jar;C:\Users\kevin_carrara\.m2\repository\org\mockito\mockito-core\5.7.0\mockito-core-5.7.0.jar;C:\Users\kevin_carrara\.m2\repository\net\bytebuddy\byte-buddy-agent\1.14.11\byte-buddy-agent-1.14.11.jar;C:\Users\kevin_carrara\.m2\repository\org\objenesis\objenesis\3.3\objenesis-3.3.jar;C:\Users\kevin_carrara\.m2\repository\org\springframework\kafka\spring-kafka\3.1.1\spring-kafka-3.1.1.jar;C:\Users\kevin_carrara\.m2\repository\org\springframework\spring-context\6.1.3\spring-context-6.1.3.jar;C:\Users\kevin_carrara\.m2\repository\org\springframework\spring-messaging\6.1.3\spring-messaging-6.1.3.jar;C:\Users\kevin_carrara\.m2\repository\org\springframework\spring-tx\6.1.3\spring-tx-6.1.3.jar;C:\Users\kevin_carrara\.m2\repository\org\springframework\retry\spring-retry\2.0.5\spring-retry-2.0.5.jar;C:\Users\kevin_carrara\.m2\repository\org\apache\kafka\kafka-clients\3.6.1\kafka-clients-3.6.1.jar;C:\Users\kevin_carrara\.m2\repository\com\github\luben\zstd-jni\1.5.5-1\zstd-jni-1.5.5-1.jar;C:\Users\kevin_carrara\.m2\repository\org\lz4\lz4-java\1.8.0\lz4-java-1.8.0.jar;C:\Users\kevin_carrara\.m2\repository\org\xerial\snappy\snappy-java\1.1.10.5\snappy-java-1.1.10.5.jar;C:\Users\kevin_carrara\.m2\repository\com\google\code\findbugs\jsr305\3.0.2\jsr305-3.0.2.jar;C:\Users\kevin_carrara\.m2\repository\org\springframework\boot\spring-boot-starter-oauth2-resource-server\3.2.2\spring-boot-starter-oauth2-resource-server-3.2.2.jar;C:\Users\kevin_carrara\.m2\repository\org\springframework\security\spring-security-config\6.2.1\spring-security-config-6.2.1.jar;C:\Users\kevin_carrara\.m2\repository\org\springframework\security\spring-security-core\6.2.1\spring-security-core-6.2.1.jar;C:\Users\kevin_carrara\.m2\repository\org\springframework\security\spring-security-crypto\6.2.1\spring-security-crypto-6.2.1.jar;C:\Users\kevin_carrara\.m2\repository\org\springframework\security\spring-security-oauth2-resource-server\6.2.1\spring-security-oauth2-resource-server-6.2.1.jar;C:\Users\kevin_carrara\.m2\repository\org\springframework\security\spring-security-oauth2-core\6.2.1\spring-security-oauth2-core-6.2.1.jar;C:\Users\kevin_carrara\.m2\repository\org\springframework\security\spring-security-oauth2-jose\6.2.1\spring-security-oauth2-jose-6.2.1.jar;C:\Users\kevin_carrara\.m2\repository\com\nimbusds\nimbus-jose-jwt\9.24.4\nimbus-jose-jwt-9.24.4.jar;C:\Users\kevin_carrara\.m2\repository\com\github\stephenc\jcip\jcip-annotations\1.0-1\jcip-annotations-1.0-1.jar;C:\Users\kevin_carrara\.m2\repository\org\springframework\boot\spring-boot-starter-security\3.0.0\spring-boot-starter-security-3.0.0.jar;C:\Users\kevin_carrara\.m2\repository\org\springframework\spring-aop\6.1.3\spring-aop-6.1.3.jar;C:\Users\kevin_carrara\.m2\repository\org\springframework\security\spring-security-web\6.2.1\spring-security-web-6.2.1.jar;"/>
    <property name="sun.cpu.endian" value="little"/>
    <property name="user.home" value="C:\Users\kevin_carrara"/>
    <property name="user.language" value="es"/>
    <property name="java.specification.vendor" value="Oracle Corporation"/>
    <property name="java.version.date" value="2025-01-21"/>
    <property name="java.home" value="C:\Program Files\Java\openlogic-openjdk-17.0.14+7-windows-x64"/>
    <property name="file.separator" value="\"/>
    <property name="basedir" value="C:\Users\kevin_carrara\Downloads\gestion-clientes-main\gestion-clientes-main"/>
    <property name="java.vm.compressedOopsMode" value="Zero based"/>
    <property name="line.separator" value="&#10;"/>
    <property name="java.vm.specification.vendor" value="Oracle Corporation"/>
    <property name="java.specification.name" value="Java Platform API Specification"/>
    <property name="surefire.real.class.path" value="C:\Users\kevin_carrara\AppData\Local\Temp\surefire6468871045730961711\surefirebooter-20250626095904914_3.jar"/>
    <property name="user.script" value=""/>
    <property name="sun.management.compiler" value="HotSpot 64-Bit Tiered Compilers"/>
    <property name="java.runtime.version" value="17.0.14+7-adhoc..jdk17u"/>
    <property name="user.name" value="KevinCarrara"/>
    <property name="path.separator" value=";"/>
    <property name="os.version" value="10.0"/>
    <property name="java.runtime.name" value="OpenJDK Runtime Environment"/>
    <property name="file.encoding" value="Cp1252"/>
    <property name="java.vm.name" value="OpenJDK 64-Bit Server VM"/>
    <property name="java.vendor.version" value="OpenLogic-OpenJDK"/>
    <property name="localRepository" value="C:\Users\kevin_carrara\.m2\repository"/>
    <property name="java.vendor.url.bug" value="https://techsupport.roguewave.com/"/>
    <property name="java.io.tmpdir" value="C:\Users\KEVIN_~1\AppData\Local\Temp\"/>
    <property name="idea.version" value="2024.3.2.2"/>
    <property name="java.version" value="17.0.14"/>
    <property name="user.dir" value="C:\Users\kevin_carrara\Downloads\gestion-clientes-main\gestion-clientes-main"/>
    <property name="os.arch" value="amd64"/>
    <property name="java.vm.specification.name" value="Java Virtual Machine Specification"/>
    <property name="sun.os.patch.level" value=""/>
    <property name="native.encoding" value="Cp1252"/>
    <property name="java.library.path" value="C:\Program Files\Java\openlogic-openjdk-17.0.14+7-windows-x64\bin;C:\Windows\Sun\Java\bin;C:\Windows\system32;C:\Windows;C:\app\kevin_carrara\product\21c\dbhomeXE\bin;C:\Windows\system32;C:\Windows;C:\Windows\System32\Wbem;C:\Windows\System32\WindowsPowerShell\v1.0\;C:\Windows\System32\OpenSSH\;C:\Program Files\WindowsPowerShell\Scripts;C:\Program Files\Git\cmd;C:\Program Files (x86)\Microsoft SQL Server\160\Tools\Binn\;C:\Program Files\Microsoft SQL Server\160\Tools\Binn\;C:\Program Files\Microsoft SQL Server\Client SDK\ODBC\170\Tools\Binn\;C:\Program Files\Microsoft SQL Server\160\DTS\Binn\;C:\Program Files\Java\openjdk-17\bin;C:\Program Files\Amazon\AWSCLIV2\;C:\Program Files\Docker\Docker\resources\bin;C:\Program Files\PuTTY\;C:\Users\kevin_carrara\AppData\Local\Microsoft\WindowsApps;C:\Program Files\JetBrains\IntelliJ IDEA 2024.2.3\bin;;C:\Users\kevin_carrara\AppData\Local\Programs\Microsoft VS Code\bin;C:\Program Files\MongoDB\Server\8.0\bin;C:\Program Files\MongoDB\mongosh-2.4.2-win32-x64\bin;;."/>
    <property name="java.vm.info" value="mixed mode, sharing"/>
    <property name="java.vendor" value="OpenLogic"/>
    <property name="java.vm.version" value="17.0.14+7-adhoc..jdk17u"/>
    <property name="java.specification.maintenance.version" value="1"/>
    <property name="sun.io.unicode.encoding" value="UnicodeLittle"/>
    <property name="java.class.version" value="61.0"/>
  </properties>
  <testcase name="testGetClientList" classname="com.technicaltestpinapp.ClienteTest" time="2.066"/>
  <testcase name="testGetClienteKpi" classname="com.technicaltestpinapp.ClienteTest" time="0.009"/>
</testsuite>